<?xml version="1.0" encoding="UTF-8"?>
<!-- Generated by org.testng.reporters.JUnitReportReporter -->
<testsuite hostname="SSTL-168" failures="0" tests="2" name="testCases_Provider.Provider_Appointment_Booking" time="62.812" errors="0" timestamp="2025-10-01T07:49:19 EDT" skipped="0">
  <testcase classname="testCases_Provider.Provider_Appointment_Booking" name="appointmentBooking" time="44.110"/>
  <testcase classname="testCases_Provider.Provider_Appointment_Booking" name="providerAppointmentDelete" time="18.702"/>
</testsuite> <!-- testCases_Provider.Provider_Appointment_Booking -->
