<?xml version="1.0" encoding="UTF-8"?>
<!-- Generated by org.testng.reporters.JUnitReportReporter -->
<testsuite hostname="SSTL-168" failures="0" tests="1" name="testCases_Provider.Provider_Zoom_Session_EndToEnd" time="91.839" errors="0" timestamp="2025-09-22T04:52:08 EDT" skipped="0">
  <testcase classname="testCases_Provider.Provider_Zoom_Session_EndToEnd" name="EndToEndZoom" time="91.839"/>
</testsuite> <!-- testCases_Provider.Provider_Zoom_Session_EndToEnd -->
